  Gameframework.cpp
  Scene.cpp
C:\Users\msi\Desktop\백업본\Inversus\Scene.cpp(97,17): error C2374: 'clientSendThread': 재정의. 여러 번 초기화했습니다.
      C:\Users\msi\Desktop\백업본\Inversus\Scene.cpp(81,17):
      'clientSendThread' 선언을 참조하십시오.
  
C:\Users\msi\Desktop\백업본\Inversus\Scene.cpp(100,17): error C2374: 'receiveThread': 재정의. 여러 번 초기화했습니다.
      C:\Users\msi\Desktop\백업본\Inversus\Scene.cpp(84,17):
      'receiveThread' 선언을 참조하십시오.
  
C:\Users\msi\Desktop\백업본\Inversus\Scene.cpp(183,15): warning C4244: '초기화 중': 'double'에서 'float'(으)로 변환하면서 데이터가 손실될 수 있습니다.
C:\Users\msi\Desktop\백업본\Inversus\Scene.cpp(483,32): warning C4267: '=': 'size_t'에서 'int'(으)로 변환하면서 데이터가 손실될 수 있습니다.
C:\Users\msi\Desktop\백업본\Inversus\Scene.cpp(484,33): warning C4267: '=': 'size_t'에서 'int'(으)로 변환하면서 데이터가 손실될 수 있습니다.
C:\Users\msi\Desktop\백업본\Inversus\Scene.cpp(603,33): warning C4267: '=': 'size_t'에서 'int'(으)로 변환하면서 데이터가 손실될 수 있습니다.
C:\Users\msi\Desktop\백업본\Inversus\Scene.cpp(610,34): warning C4267: '=': 'size_t'에서 'int'(으)로 변환하면서 데이터가 손실될 수 있습니다.
C:\Users\msi\Desktop\백업본\Inversus\Scene.cpp(828,40): warning C4244: '인수': 'float'에서 'int'(으)로 변환하면서 데이터가 손실될 수 있습니다.
C:\Users\msi\Desktop\백업본\Inversus\Scene.cpp(860,40): warning C4244: '인수': 'float'에서 'int'(으)로 변환하면서 데이터가 손실될 수 있습니다.
C:\Users\msi\Desktop\백업본\Inversus\Scene.cpp(904,59): warning C4267: '인수': 'size_t'에서 'int'(으)로 변환하면서 데이터가 손실될 수 있습니다.
C:\Users\msi\Desktop\백업본\Inversus\Scene.cpp(927,116): warning C4267: '인수': 'size_t'에서 'int'(으)로 변환하면서 데이터가 손실될 수 있습니다.
C:\Users\msi\Desktop\백업본\Inversus\Scene.cpp(927,88): warning C4244: '인수': 'double'에서 'int'(으)로 변환하면서 데이터가 손실될 수 있습니다.
C:\Users\msi\Desktop\백업본\Inversus\Scene.cpp(927,54): warning C4244: '인수': 'double'에서 'int'(으)로 변환하면서 데이터가 손실될 수 있습니다.
C:\Users\msi\Desktop\백업본\Inversus\Scene.cpp(929,65): warning C4244: '인수': 'double'에서 'int'(으)로 변환하면서 데이터가 손실될 수 있습니다.
C:\Users\msi\Desktop\백업본\Inversus\Scene.cpp(929,52): warning C4244: '인수': 'double'에서 'int'(으)로 변환하면서 데이터가 손실될 수 있습니다.
C:\Users\msi\Desktop\백업본\Inversus\Scene.cpp(929,41): warning C4244: '인수': 'double'에서 'int'(으)로 변환하면서 데이터가 손실될 수 있습니다.
C:\Users\msi\Desktop\백업본\Inversus\Scene.cpp(929,29): warning C4244: '인수': 'double'에서 'int'(으)로 변환하면서 데이터가 손실될 수 있습니다.
C:\Users\msi\Desktop\백업본\Inversus\Scene.cpp(930,116): warning C4267: '인수': 'size_t'에서 'int'(으)로 변환하면서 데이터가 손실될 수 있습니다.
C:\Users\msi\Desktop\백업본\Inversus\Scene.cpp(930,88): warning C4244: '인수': 'double'에서 'int'(으)로 변환하면서 데이터가 손실될 수 있습니다.
C:\Users\msi\Desktop\백업본\Inversus\Scene.cpp(930,54): warning C4244: '인수': 'double'에서 'int'(으)로 변환하면서 데이터가 손실될 수 있습니다.
C:\Users\msi\Desktop\백업본\Inversus\Scene.cpp(932,47): warning C4244: '인수': 'double'에서 'int'(으)로 변환하면서 데이터가 손실될 수 있습니다.
C:\Users\msi\Desktop\백업본\Inversus\Scene.cpp(932,40): warning C4244: '인수': 'double'에서 'int'(으)로 변환하면서 데이터가 손실될 수 있습니다.
C:\Users\msi\Desktop\백업본\Inversus\Scene.cpp(932,35): warning C4244: '인수': 'double'에서 'int'(으)로 변환하면서 데이터가 손실될 수 있습니다.
C:\Users\msi\Desktop\백업본\Inversus\Scene.cpp(932,29): warning C4244: '인수': 'double'에서 'int'(으)로 변환하면서 데이터가 손실될 수 있습니다.
C:\Users\msi\Desktop\백업본\Inversus\Scene.cpp(933,111): warning C4267: '인수': 'size_t'에서 'int'(으)로 변환하면서 데이터가 손실될 수 있습니다.
C:\Users\msi\Desktop\백업본\Inversus\Scene.cpp(933,88): warning C4244: '인수': 'double'에서 'int'(으)로 변환하면서 데이터가 손실될 수 있습니다.
C:\Users\msi\Desktop\백업본\Inversus\Scene.cpp(933,54): warning C4244: '인수': 'double'에서 'int'(으)로 변환하면서 데이터가 손실될 수 있습니다.
C:\Users\msi\Desktop\백업본\Inversus\Scene.cpp(938,18): warning C4838: 'double'에서 'LONG'(으)로의 변환에는 축소 변환이 필요합니다.
C:\Users\msi\Desktop\백업본\Inversus\Scene.cpp(938,18): warning C4244: '초기화 중': 'double'에서 'LONG'(으)로 변환하면서 데이터가 손실될 수 있습니다.
C:\Users\msi\Desktop\백업본\Inversus\Scene.cpp(938,30): warning C4838: 'double'에서 'LONG'(으)로의 변환에는 축소 변환이 필요합니다.
C:\Users\msi\Desktop\백업본\Inversus\Scene.cpp(938,30): warning C4244: '초기화 중': 'double'에서 'LONG'(으)로 변환하면서 데이터가 손실될 수 있습니다.
C:\Users\msi\Desktop\백업본\Inversus\Scene.cpp(938,41): warning C4838: 'double'에서 'LONG'(으)로의 변환에는 축소 변환이 필요합니다.
C:\Users\msi\Desktop\백업본\Inversus\Scene.cpp(938,41): warning C4244: '초기화 중': 'double'에서 'LONG'(으)로 변환하면서 데이터가 손실될 수 있습니다.
C:\Users\msi\Desktop\백업본\Inversus\Scene.cpp(938,54): warning C4838: 'double'에서 'LONG'(으)로의 변환에는 축소 변환이 필요합니다.
C:\Users\msi\Desktop\백업본\Inversus\Scene.cpp(938,54): warning C4244: '초기화 중': 'double'에서 'LONG'(으)로 변환하면서 데이터가 손실될 수 있습니다.
C:\Users\msi\Desktop\백업본\Inversus\Scene.cpp(943,18): warning C4838: 'double'에서 'LONG'(으)로의 변환에는 축소 변환이 필요합니다.
C:\Users\msi\Desktop\백업본\Inversus\Scene.cpp(943,18): warning C4244: '초기화 중': 'double'에서 'LONG'(으)로 변환하면서 데이터가 손실될 수 있습니다.
C:\Users\msi\Desktop\백업본\Inversus\Scene.cpp(943,25): warning C4838: 'double'에서 'LONG'(으)로의 변환에는 축소 변환이 필요합니다.
C:\Users\msi\Desktop\백업본\Inversus\Scene.cpp(943,25): warning C4244: '초기화 중': 'double'에서 'LONG'(으)로 변환하면서 데이터가 손실될 수 있습니다.
C:\Users\msi\Desktop\백업본\Inversus\Scene.cpp(943,30): warning C4838: 'double'에서 'LONG'(으)로의 변환에는 축소 변환이 필요합니다.
C:\Users\msi\Desktop\백업본\Inversus\Scene.cpp(943,30): warning C4244: '초기화 중': 'double'에서 'LONG'(으)로 변환하면서 데이터가 손실될 수 있습니다.
C:\Users\msi\Desktop\백업본\Inversus\Scene.cpp(943,38): warning C4838: 'double'에서 'LONG'(으)로의 변환에는 축소 변환이 필요합니다.
C:\Users\msi\Desktop\백업본\Inversus\Scene.cpp(943,38): warning C4244: '초기화 중': 'double'에서 'LONG'(으)로 변환하면서 데이터가 손실될 수 있습니다.
C:\Users\msi\Desktop\백업본\Inversus\Scene.cpp(956,87): warning C4244: '인수': 'double'에서 'int'(으)로 변환하면서 데이터가 손실될 수 있습니다.
C:\Users\msi\Desktop\백업본\Inversus\Scene.cpp(956,39): warning C4244: '인수': 'double'에서 'int'(으)로 변환하면서 데이터가 손실될 수 있습니다.
C:\Users\msi\Desktop\백업본\Inversus\Scene.cpp(966,50): warning C4267: '인수': 'size_t'에서 'int'(으)로 변환하면서 데이터가 손실될 수 있습니다.
C:\Users\msi\Desktop\백업본\Inversus\Scene.cpp(968,50): warning C4267: '인수': 'size_t'에서 'int'(으)로 변환하면서 데이터가 손실될 수 있습니다.
C:\Users\msi\Desktop\백업본\Inversus\Scene.cpp(970,50): warning C4267: '인수': 'size_t'에서 'int'(으)로 변환하면서 데이터가 손실될 수 있습니다.
C:\Users\msi\Desktop\백업본\Inversus\Scene.cpp(978,50): warning C4267: '인수': 'size_t'에서 'int'(으)로 변환하면서 데이터가 손실될 수 있습니다.
C:\Users\msi\Desktop\백업본\Inversus\Scene.cpp(980,50): warning C4267: '인수': 'size_t'에서 'int'(으)로 변환하면서 데이터가 손실될 수 있습니다.
C:\Users\msi\Desktop\백업본\Inversus\Scene.cpp(982,50): warning C4267: '인수': 'size_t'에서 'int'(으)로 변환하면서 데이터가 손실될 수 있습니다.
C:\Users\msi\Desktop\백업본\Inversus\Scene.cpp(996,48): warning C4267: '인수': 'size_t'에서 'int'(으)로 변환하면서 데이터가 손실될 수 있습니다.
C:\Users\msi\Desktop\백업본\Inversus\Scene.cpp(1000,52): warning C4267: '인수': 'size_t'에서 'int'(으)로 변환하면서 데이터가 손실될 수 있습니다.
C:\Users\msi\Desktop\백업본\Inversus\Scene.cpp(1003,51): warning C4267: '인수': 'size_t'에서 'int'(으)로 변환하면서 데이터가 손실될 수 있습니다.
C:\Users\msi\Desktop\백업본\Inversus\Scene.cpp(1045,48): warning C4267: '인수': 'size_t'에서 'int'(으)로 변환하면서 데이터가 손실될 수 있습니다.
C:\Users\msi\Desktop\백업본\Inversus\Scene.cpp(1047,63): warning C4267: '인수': 'size_t'에서 'int'(으)로 변환하면서 데이터가 손실될 수 있습니다.
C:\Users\msi\Desktop\백업본\Inversus\Scene.cpp(1050,62): warning C4267: '인수': 'size_t'에서 'int'(으)로 변환하면서 데이터가 손실될 수 있습니다.
C:\Users\msi\Desktop\백업본\Inversus\Scene.cpp(1054,62): warning C4267: '인수': 'size_t'에서 'int'(으)로 변환하면서 데이터가 손실될 수 있습니다.
C:\Users\msi\Desktop\백업본\Inversus\Scene.cpp(1058,53): warning C4267: '인수': 'size_t'에서 'int'(으)로 변환하면서 데이터가 손실될 수 있습니다.
